app/manifest-merger-release-report.txt
-- Merging decision tree log ---
manifest
ADDED from AndroidManifest.xml:2:1
	package
		ADDED from AndroidManifest.xml:3:5
		INJECTED from AndroidManifest.xml:0:0
		INJECTED from AndroidManifest.xml:0:0
	android:versionName
		INJECTED from AndroidManifest.xml:0:0
		INJECTED from AndroidManifest.xml:0:0
	xmlns:android
		ADDED from AndroidManifest.xml:2:11
	android:versionCode
		INJECTED from AndroidManifest.xml:0:0
		INJECTED from AndroidManifest.xml:0:0
application
ADDED from AndroidManifest.xml:7:5
MERGED from com.android.support:appcompat-v7:21.0.3:16:5
MERGED from com.android.support:support-v4:21.0.3:16:5
	android:label
		ADDED from AndroidManifest.xml:11:9
	android:allowBackup
		ADDED from AndroidManifest.xml:9:9
	android:icon
		ADDED from AndroidManifest.xml:10:9
	android:theme
		ADDED from AndroidManifest.xml:12:9
activity#mak.livewire.bunkit.MainActivity
ADDED from AndroidManifest.xml:13:9
	android:label
		ADDED from AndroidManifest.xml:15:13
	android:name
		ADDED from AndroidManifest.xml:14:13
intent-filter#android.intent.action.MAIN+android.intent.category.LAUNCHER
ADDED from AndroidManifest.xml:16:13
action#android.intent.action.MAIN
ADDED from AndroidManifest.xml:17:17
	android:name
		ADDED from AndroidManifest.xml:17:25
category#android.intent.category.LAUNCHER
ADDED from AndroidManifest.xml:19:17
	android:name
		ADDED from AndroidManifest.xml:19:27
activity#mak.livewire.bunkit.worker
ADDED from AndroidManifest.xml:22:9
	android:label
		ADDED from AndroidManifest.xml:24:13
	android:name
		ADDED from AndroidManifest.xml:23:13
activity#mak.livewire.bunkit.bunker
ADDED from AndroidManifest.xml:26:9
	android:label
		ADDED from AndroidManifest.xml:28:13
	android:name
		ADDED from AndroidManifest.xml:27:13
activity#mak.livewire.bunkit.bunkon
ADDED from AndroidManifest.xml:30:9
	android:label
		ADDED from AndroidManifest.xml:32:13
	android:name
		ADDED from AndroidManifest.xml:31:13
activity#mak.livewire.bunkit.record
ADDED from AndroidManifest.xml:34:9
	android:label
		ADDED from AndroidManifest.xml:36:13
	android:name
		ADDED from AndroidManifest.xml:35:13
uses-sdk
INJECTED from AndroidManifest.xml:0:0 reason: use-sdk injection requested
MERGED from com.android.support:appcompat-v7:21.0.3:15:5
MERGED from com.android.support:support-v4:21.0.3:15:5
	android:targetSdkVersion
		INJECTED from AndroidManifest.xml:0:0
		INJECTED from AndroidManifest.xml:0:0
	android:minSdkVersion
		INJECTED from AndroidManifest.xml:0:0
		INJECTED from AndroidManifest.xml:0:0